0 info it worked if it ends with ok
1 verbose cli [ 'D:\\tools\\nodejs\\node.exe',
1 verbose cli   'C:\\Users\\Alexander_Alexandrov\\AppData\\Roaming\\npm\\node_modules\\npm\\bin\\npm-cli.js',
1 verbose cli   'start' ]
2 info using npm@3.10.8
3 info using node@v6.7.0
4 verbose run-script [ 'prestart', 'start', 'poststart' ]
5 info lifecycle elevator-competition@1.0.0~prestart: elevator-competition@1.0.0
6 silly lifecycle elevator-competition@1.0.0~prestart: no script for prestart, continuing
7 info lifecycle elevator-competition@1.0.0~start: elevator-competition@1.0.0
8 verbose lifecycle elevator-competition@1.0.0~start: unsafe-perm in lifecycle true
9 verbose lifecycle elevator-competition@1.0.0~start: PATH: C:\Users\Alexander_Alexandrov\AppData\Roaming\npm\node_modules\npm\bin\node-gyp-bin;D:\works\redneckz\elevator-competition\node_modules\.bin;C:\ProgramData\Oracle\Java\javapath;d:\tools\Rtools\bin;d:\tools\Rtools\gcc-4.6.3\bin;C:\Program Files\Common Files\Microsoft Shared\Windows Live;C:\Program Files (x86)\Common Files\Microsoft Shared\Windows Live;D:\tools\SenchaCmd-5.0.1.231\Sencha\Cmd\5.0.1.231;C:\WINDOWS\system32;C:\WINDOWS;C:\WINDOWS\System32\Wbem;C:\WINDOWS\System32\WindowsPowerShell\v1.0\;D:\tools\java\jdk1.8.0_73;D:\tools\java\apache-ant-1.9.2\bin;D:\AWS-ElasticBeanstalk-CLI-2.6.0\eb\windows;D:\tools\java\apache-maven-3.1.1\bin;C:\Program Files\TortoiseSVN\bin;C:\Users\Alexander_Alexandrov\AppData\Roaming\npm;D:\tools\Apache2.2\bin;C:\Program Files (x86)\Windows Live\Shared;D:\tools\java\appengine-java-sdk-1.9.24\bin;d:\tools\MiKTeX 2.9\miktex\bin\x64\;d:\tools\Git\cmd;C:\Program Files (x86)\Skype\Phone\;D:\tools\R\R-3.1.3\bin;C:\Program Files (x86)\QuickTime\QTSystem\;D:\tools\nodejs\;d:\tools\Ruby200-x64\bin;C:\Users\Alexander_Alexandrov\AppData\Local\atom\bin;.\node_modules\.bin;D:\tools\java\jadnt158;C:\Users\Alexander_Alexandrov\AppData\Roaming\npm
10 verbose lifecycle elevator-competition@1.0.0~start: CWD: D:\works\redneckz\elevator-competition
11 silly lifecycle elevator-competition@1.0.0~start: Args: [ '/d /s /c', 'run-p start:login start:game' ]
12 silly lifecycle elevator-competition@1.0.0~start: Returned: code: 3221225786  signal: null
13 info lifecycle elevator-competition@1.0.0~start: Failed to exec start script
14 verbose stack Error: elevator-competition@1.0.0 start: `run-p start:login start:game`
14 verbose stack Exit status 3221225786
14 verbose stack     at EventEmitter.<anonymous> (C:\Users\Alexander_Alexandrov\AppData\Roaming\npm\node_modules\npm\lib\utils\lifecycle.js:255:16)
14 verbose stack     at emitTwo (events.js:106:13)
14 verbose stack     at EventEmitter.emit (events.js:191:7)
14 verbose stack     at ChildProcess.<anonymous> (C:\Users\Alexander_Alexandrov\AppData\Roaming\npm\node_modules\npm\lib\utils\spawn.js:40:14)
14 verbose stack     at emitTwo (events.js:106:13)
14 verbose stack     at ChildProcess.emit (events.js:191:7)
14 verbose stack     at maybeClose (internal/child_process.js:877:16)
14 verbose stack     at Process.ChildProcess._handle.onexit (internal/child_process.js:226:5)
15 verbose pkgid elevator-competition@1.0.0
16 verbose cwd D:\works\redneckz\elevator-competition
17 error Windows_NT 6.1.7601
18 error argv "D:\\tools\\nodejs\\node.exe" "C:\\Users\\Alexander_Alexandrov\\AppData\\Roaming\\npm\\node_modules\\npm\\bin\\npm-cli.js" "start"
19 error node v6.7.0
20 error npm  v3.10.8
21 error code ELIFECYCLE
22 error elevator-competition@1.0.0 start: `run-p start:login start:game`
22 error Exit status 3221225786
23 error Failed at the elevator-competition@1.0.0 start script 'run-p start:login start:game'.
23 error Make sure you have the latest version of node.js and npm installed.
23 error If you do, this is most likely a problem with the elevator-competition package,
23 error not with npm itself.
23 error Tell the author that this fails on your system:
23 error     run-p start:login start:game
23 error You can get information on how to open an issue for this project with:
23 error     npm bugs elevator-competition
23 error Or if that isn't available, you can get their info via:
23 error     npm owner ls elevator-competition
23 error There is likely additional logging output above.
24 verbose exit [ 1, true ]
